TN:
SF:/Users/sergirocalaguna/Desktop/dev/rareskills-week7-8/week8/exercises/dex/dex.sol
DA:1,0
DA:8,79
DA:9,34
DA:10,35
DA:11,34
DA:14,78
DA:18,0
DA:19,0
DA:22,18
DA:23,0
DA:24,0
DA:27,18
DA:31,0
DA:34,18
DA:35,23
DA:36,44
DA:37,39
DA:40,0
DA:41,66
DA:44,0
DA:45,0
DA:46,0
DA:47,0
DA:50,18
DA:54,1
DA:56,0
DA:57,73
DA:60,18
DA:61,55
DA:62,0
DA:65,18
DA:68,1
DA:69,73
DA:73,0
DA:76,0
DA:81,0
DA:82,0
DA:83,0
DA:86,0
DA:87,0
DA:88,0
end_of_record

SF:/Users/sergirocalaguna/Desktop/dev/rareskills-week7-8/week8/exercises/dex/openzeppelin-contracts/contracts/access/Ownable.sol
end_of_record

SF:/Users/sergirocalaguna/Desktop/dev/rareskills-week7-8/week8/exercises/dex/openzeppelin-contracts/contracts/interfaces/draft-IERC6093.sol
end_of_record

SF:/Users/sergirocalaguna/Desktop/dev/rareskills-week7-8/week8/exercises/dex/openzeppelin-contracts/contracts/token/ERC20/ERC20.sol
DA:45,0
DA:46,0
DA:47,0
DA:53,0
DA:54,0
DA:61,0
DA:62,0
DA:78,0
DA:79,0
DA:85,0
DA:86,0
DA:92,0
DA:93,0
DA:104,0
DA:105,0
DA:106,0
DA:107,0
DA:113,0
DA:114,0
DA:127,0
DA:128,0
DA:129,0
DA:130,0
DA:149,0
DA:150,0
DA:151,0
DA:152,0
DA:153,0
DA:166,0
DA:167,0
DA:168,0
DA:170,0
DA:171,0
DA:173,0
DA:183,0
DA:184,0
DA:186,0
DA:187,0
DA:188,0
DA:189,0
DA:190,0
DA:194,0
DA:198,0
DA:201,0
DA:206,0
DA:210,0
DA:221,0
DA:222,0
DA:223,0
DA:225,0
DA:258,0
DA:259,0
DA:280,0
DA:281,0
DA:282,0
DA:284,0
DA:285,0
DA:287,0
DA:288,0
DA:289,0
DA:301,0
DA:302,0
DA:303,0
DA:304,0
DA:305,0
DA:308,0
end_of_record

SF:/Users/sergirocalaguna/Desktop/dev/rareskills-week7-8/week8/exercises/dex/openzeppelin-contracts/contracts/token/ERC20/IERC20.sol
end_of_record

SF:/Users/sergirocalaguna/Desktop/dev/rareskills-week7-8/week8/exercises/dex/openzeppelin-contracts/contracts/token/ERC20/extensions/IERC20Metadata.sol
end_of_record

SF:/Users/sergirocalaguna/Desktop/dev/rareskills-week7-8/week8/exercises/dex/openzeppelin-contracts/contracts/utils/Context.sol
DA:17,0
DA:18,0
end_of_record

SF:/Users/sergirocalaguna/Desktop/dev/rareskills-week7-8/week8/exercises/dex/template.sol
DA:6,0
DA:7,0
DA:9,0
DA:11,0
DA:12,0
DA:13,0
DA:15,0
DA:16,0
DA:17,0
DA:18,0
DA:20,0
DA:21,0
DA:25,0
DA:30,0
DA:31,0
DA:34,0
DA:35,0
end_of_record

