TN:
SF:/Users/sergirocalaguna/Desktop/dev/rareskills-week7-8/week8/exercises/dex/dex-echidna.sol
DA:1,0
DA:6,29
DA:7,27
DA:9,3
DA:11,25
DA:12,34
DA:13,34
DA:15,70
DA:16,70
DA:17,54
DA:18,54
DA:20,70
DA:21,70
DA:25,0
DA:30,0
DA:31,0
DA:34,0
DA:35,0
DA:36,0
DA:37,0
end_of_record

SF:/Users/sergirocalaguna/Desktop/dev/rareskills-week7-8/week8/exercises/dex/dex.sol
DA:8,61
DA:9,0
DA:10,0
DA:11,0
DA:14,20
DA:18,0
DA:19,0
DA:22,0
DA:23,0
DA:24,0
DA:27,23
DA:31,72
DA:34,0
DA:35,0
DA:36,0
DA:37,0
DA:40,0
DA:41,0
DA:44,0
DA:45,0
DA:46,0
DA:47,0
DA:50,0
DA:54,0
DA:55,0
DA:56,0
DA:59,0
DA:60,0
DA:61,0
DA:64,0
DA:67,0
DA:68,0
DA:72,106
DA:75,0
DA:80,0
DA:81,0
DA:82,0
DA:85,22
DA:86,32
DA:87,7
end_of_record

SF:/Users/sergirocalaguna/Desktop/dev/rareskills-week7-8/week8/exercises/dex/openzeppelin-contracts/contracts/access/Ownable.sol
end_of_record

SF:/Users/sergirocalaguna/Desktop/dev/rareskills-week7-8/week8/exercises/dex/openzeppelin-contracts/contracts/interfaces/draft-IERC6093.sol
end_of_record

SF:/Users/sergirocalaguna/Desktop/dev/rareskills-week7-8/week8/exercises/dex/openzeppelin-contracts/contracts/token/ERC20/ERC20.sol
DA:45,0
DA:46,0
DA:47,0
DA:53,23
DA:54,74
DA:61,10
DA:62,89
DA:78,4
DA:79,3
DA:85,24
DA:86,4
DA:92,6
DA:93,21
DA:104,55
DA:105,14
DA:106,14
DA:107,8
DA:113,47
DA:114,60
DA:127,55
DA:128,10
DA:129,14
DA:130,8
DA:149,61
DA:150,8
DA:151,4
DA:152,9
DA:153,8
DA:166,5
DA:167,10
DA:168,0
DA:170,10
DA:171,0
DA:173,7
DA:183,5
DA:184,17
DA:186,16
DA:187,2
DA:188,42
DA:189,13
DA:190,13
DA:194,47
DA:198,11
DA:201,0
DA:206,31
DA:210,31
DA:221,0
DA:222,0
DA:223,0
DA:225,0
DA:258,7
DA:259,16
DA:280,6
DA:281,10
DA:282,0
DA:284,10
DA:285,0
DA:287,47
DA:288,6
DA:289,24
DA:301,3
DA:302,9
DA:303,6
DA:304,6
DA:305,3
DA:308,8
end_of_record

SF:/Users/sergirocalaguna/Desktop/dev/rareskills-week7-8/week8/exercises/dex/openzeppelin-contracts/contracts/token/ERC20/IERC20.sol
end_of_record

SF:/Users/sergirocalaguna/Desktop/dev/rareskills-week7-8/week8/exercises/dex/openzeppelin-contracts/contracts/token/ERC20/extensions/IERC20Metadata.sol
end_of_record

SF:/Users/sergirocalaguna/Desktop/dev/rareskills-week7-8/week8/exercises/dex/openzeppelin-contracts/contracts/utils/Context.sol
DA:17,4
DA:18,3
end_of_record

