TN:
SF:/Users/sergirocalaguna/Desktop/dev/rareskills-week7-8/week8/exercises/dex/dex.sol
DA:1,0
DA:8,90
DA:9,34
DA:10,35
DA:11,34
DA:14,79
DA:18,0
DA:19,0
DA:22,18
DA:23,0
DA:24,0
DA:27,23
DA:31,72
DA:34,18
DA:35,22
DA:36,44
DA:37,39
DA:40,0
DA:41,0
DA:44,0
DA:45,0
DA:46,0
DA:47,0
DA:50,41
DA:54,1
DA:56,89
DA:57,74
DA:60,18
DA:61,55
DA:62,0
DA:65,40
DA:68,1
DA:69,76
DA:73,113
DA:76,0
DA:81,0
DA:82,0
DA:83,0
DA:86,34
DA:87,72
DA:88,14
end_of_record

SF:/Users/sergirocalaguna/Desktop/dev/rareskills-week7-8/week8/exercises/dex/openzeppelin-contracts/contracts/access/Ownable.sol
end_of_record

SF:/Users/sergirocalaguna/Desktop/dev/rareskills-week7-8/week8/exercises/dex/openzeppelin-contracts/contracts/interfaces/draft-IERC6093.sol
end_of_record

SF:/Users/sergirocalaguna/Desktop/dev/rareskills-week7-8/week8/exercises/dex/openzeppelin-contracts/contracts/token/ERC20/ERC20.sol
DA:45,0
DA:46,0
DA:47,0
DA:53,34
DA:54,121
DA:61,32
DA:62,133
DA:78,28
DA:79,6
DA:85,37
DA:86,8
DA:92,47
DA:93,39
DA:104,56
DA:105,6
DA:106,12
DA:107,8
DA:113,59
DA:114,56
DA:127,45
DA:128,7
DA:129,12
DA:130,7
DA:149,57
DA:150,10
DA:151,8
DA:152,11
DA:153,8
DA:166,5
DA:167,10
DA:168,0
DA:170,10
DA:171,22
DA:173,7
DA:183,5
DA:184,19
DA:186,19
DA:187,2
DA:188,44
DA:189,13
DA:190,44
DA:194,47
DA:198,11
DA:201,0
DA:206,31
DA:210,31
DA:221,0
DA:222,0
DA:223,0
DA:225,0
DA:258,4
DA:259,12
DA:280,6
DA:281,10
DA:282,22
DA:284,10
DA:285,22
DA:287,47
DA:288,6
DA:289,12
DA:301,6
DA:302,15
DA:303,10
DA:304,10
DA:305,29
DA:308,10
end_of_record

SF:/Users/sergirocalaguna/Desktop/dev/rareskills-week7-8/week8/exercises/dex/openzeppelin-contracts/contracts/token/ERC20/IERC20.sol
end_of_record

SF:/Users/sergirocalaguna/Desktop/dev/rareskills-week7-8/week8/exercises/dex/openzeppelin-contracts/contracts/token/ERC20/extensions/IERC20Metadata.sol
end_of_record

SF:/Users/sergirocalaguna/Desktop/dev/rareskills-week7-8/week8/exercises/dex/openzeppelin-contracts/contracts/utils/Context.sol
DA:17,4
DA:18,3
end_of_record

SF:/Users/sergirocalaguna/Desktop/dev/rareskills-week7-8/week8/exercises/dex/template.sol
DA:6,32
DA:7,27
DA:9,3
DA:11,25
DA:12,34
DA:13,34
DA:15,70
DA:16,70
DA:17,54
DA:18,54
DA:20,70
DA:21,70
DA:25,33
DA:30,0
DA:31,0
DA:34,8
DA:35,3
DA:36,94
DA:37,88
end_of_record

